<?xml version="1.0" encoding="UTF-8"?>
<testng-results ignored="0" total="1" passed="1" failed="0" skipped="0">
  <reporter-output>
  </reporter-output>
  <suite started-at="2023-11-29T09:40:11 GMT-08:00" name="Default suite" finished-at="2023-11-29T09:40:33 GMT-08:00" duration-ms="21739">
    <groups>
    </groups>
    <test started-at="2023-11-29T09:40:11 GMT-08:00" name="Default test" finished-at="2023-11-29T09:40:33 GMT-08:00" duration-ms="21739">
      <class name="com.auto.tests.AddToCartTestV2">
        <test-method is-config="true" signature="setUp()[pri:0, instance:com.auto.tests.AddToCartTestV2@4e7912d8]" started-at="2023-11-29T09:40:11 GMT-08:00" name="setUp" finished-at="2023-11-29T09:40:16 GMT-08:00" duration-ms="4213" status="PASS">
          <reporter-output>
          </reporter-output>
        </test-method> <!-- setUp -->
        <test-method signature="addToCartTest()[pri:0, instance:com.auto.tests.AddToCartTestV2@4e7912d8]" started-at="2023-11-29T09:40:16 GMT-08:00" name="addToCartTest" finished-at="2023-11-29T09:40:33 GMT-08:00" duration-ms="17029" status="PASS">
          <reporter-output>
          </reporter-output>
        </test-method> <!-- addToCartTest -->
        <test-method is-config="true" signature="tearDown()[pri:0, instance:com.auto.tests.AddToCartTestV2@4e7912d8]" started-at="2023-11-29T09:40:33 GMT-08:00" name="tearDown" finished-at="2023-11-29T09:40:33 GMT-08:00" duration-ms="430" status="PASS">
          <reporter-output>
          </reporter-output>
        </test-method> <!-- tearDown -->
      </class> <!-- com.auto.tests.AddToCartTestV2 -->
    </test> <!-- Default test -->
  </suite> <!-- Default suite -->
</testng-results>
