<?xml version="1.0" encoding="UTF-8"?>
<testng-results ignored="0" total="1" passed="1" failed="0" skipped="0">
  <reporter-output>
  </reporter-output>
  <suite started-at="2023-12-08T09:44:47 GMT-08:00" name="Default suite" finished-at="2023-12-08T09:45:03 GMT-08:00" duration-ms="15255">
    <groups>
    </groups>
    <test started-at="2023-12-08T09:44:47 GMT-08:00" name="Default test" finished-at="2023-12-08T09:45:03 GMT-08:00" duration-ms="15255">
      <class name="com.auto.tests.api.CreateApiTest">
        <test-method signature="createApiTest()[pri:0, instance:com.auto.tests.api.CreateApiTest@1cbb87f3]" started-at="2023-12-08T09:44:48 GMT-08:00" name="createApiTest" finished-at="2023-12-08T09:45:03 GMT-08:00" duration-ms="14857" status="PASS">
          <reporter-output>
          </reporter-output>
        </test-method> <!-- createApiTest -->
      </class> <!-- com.auto.tests.api.CreateApiTest -->
    </test> <!-- Default test -->
  </suite> <!-- Default suite -->
</testng-results>
